<?xml version="1.0" encoding="UTF-8"?>
<!-- Generated by org.testng.reporters.JUnitReportReporter -->
<testsuite hostname="macs-mbp-2" name="com.websystique.springmvc.dao.EmployeeDaoImplTest" tests="6" failures="0" timestamp="6 May 2020 14:09:13 GMT" time="0.438" errors="0">
  <testcase name="findEmployeeBySsn" time="0.174" classname="com.websystique.springmvc.dao.EmployeeDaoImplTest"/>
  <testcase name="findById" time="0.087" classname="com.websystique.springmvc.dao.EmployeeDaoImplTest"/>
  <testcase name="deleteEmployeeBySsn" time="0.015" classname="com.websystique.springmvc.dao.EmployeeDaoImplTest"/>
  <testcase name="findAllEmployees" time="0.015" classname="com.websystique.springmvc.dao.EmployeeDaoImplTest"/>
  <testcase name="saveEmployee" time="0.032" classname="com.websystique.springmvc.dao.EmployeeDaoImplTest"/>
  <testcase name="deleteEmployeeByInvalidSsn" time="0.115" classname="com.websystique.springmvc.dao.EmployeeDaoImplTest"/>
</testsuite> <!-- com.websystique.springmvc.dao.EmployeeDaoImplTest -->
